[GS] RoomBase OnParseError code: 4216, message: TypeError: Cannot read property 'state' of undefined
    at OnPlayerPStateChanged (D:\SVN Repos\zpt_crossy\Assets\$cripts_Game\World.multiplay\index.ts:65:19)
    at Object.apply (D:\SVN Repos\zpt_crossy\node_modules\@zepeto\sandbox\dist/contextify.js:228:34)
    at Object.OnPlayerPStateChanged (evalmachine.<anonymous>:1:3333794)
    at SandboxApplication.onClientMessage (evalmachine.<anonymous>:1:3337206)
    at SandboxApplication.onGatewayMessage (evalmachine.<anonymous>:1:3346635)
    at Object.callback (evalmachine.<anonymous>:1:3642132)
    at MessageBusClientMock.publish (evalmachine.<anonymous>:1:3504166)
    at WebsocketGateway.publish (evalmachine.<anonymous>:1:3400751)
    at WebsocketGateway.onMessage (evalmachine.<anonymous>:1:3401385)
    at WebSocket.<anonymous> (evalmachine.<anonymous>:1:3460759)
UnityEngine.Debug:Log (object)
ZEPETO.Multiplay.RoomBase:OnParseError (byte[])
ZEPETO.Multiplay.RoomBase/<ParseMessage>d__46:MoveNext ()
System.Runtime.CompilerServices.AsyncTaskMethodBuilder:Start<ZEPETO.Multiplay.RoomBase/<ParseMessage>d__46> (ZEPETO.Multiplay.RoomBase/<ParseMessage>d__46&)
ZEPETO.Multiplay.RoomBase:ParseMessage (byte[])
ZEPETO.Multiplay.RoomBase/<RunReceiveMessageQueue>d__65:MoveNext ()
UnityEngine.UnitySynchronizationContext:ExecuteTasks ()

ERROR, code =>4216, message => TypeError: Cannot read property 'state' of undefined
    at OnPlayerPStateChanged (D:\SVN Repos\zpt_crossy\Assets\$cripts_Game\World.multiplay\index.ts:65:19)
    at Object.apply (D:\SVN Repos\zpt_crossy\node_modules\@zepeto\sandbox\dist/contextify.js:228:34)
    at Object.OnPlayerPStateChanged (evalmachine.<anonymous>:1:3333794)
    at SandboxApplication.onClientMessage (evalmachine.<anonymous>:1:3337206)
    at SandboxApplication.onGatewayMessage (evalmachine.<anonymous>:1:3346635)
    at Object.callback (evalmachine.<anonymous>:1:3642132)
    at MessageBusClientMock.publish (evalmachine.<anonymous>:1:3504166)
    at WebsocketGateway.publish (evalmachine.<anonymous>:1:3400751)
    at WebsocketGateway.onMessage (evalmachine.<anonymous>:1:3401385)
    at WebSocket.<anonymous> (evalmachine.<anonymous>:1:3460759)
UnityEngine.Debug:LogError (object)
ZEPETO.Multiplay.ZepetoMultiplay`1<ZEPETO.Multiplay.DynamicSchema>:OnRoomError (int,string)
ZEPETO.Multiplay.RoomBase:OnParseError (byte[])
ZEPETO.Multiplay.RoomBase/<ParseMessage>d__46:MoveNext ()
System.Runtime.CompilerServices.AsyncTaskMethodBuilder:Start<ZEPETO.Multiplay.RoomBase/<ParseMessage>d__46> (ZEPETO.Multiplay.RoomBase/<ParseMessage>d__46&)
ZEPETO.Multiplay.RoomBase:ParseMessage (byte[])
ZEPETO.Multiplay.RoomBase/<RunReceiveMessageQueue>d__65:MoveNext ()
UnityEngine.UnitySynchronizationContext:ExecuteTasks ()
